{"timestamp": "2025-10-30T10:44:36.870380Z", "level": "ERROR", "module": "runner", "message": "Run failed", "run_id": "00f2e0c9-4ce8-46d3-82f8-44bf6006aabd", "event": "run_failed", "metadata": {"error": "OpenAI API call failed: HTTPSConnectionPool(host='api.openai.com', port=443): Max retries exceeded with url: /v1/chat/completions (Caused by SSLError(SSLEOFError(8, '[SSL: UNEXPECTED_EOF_WHILE_READING] EOF occurred in violation of protocol (_ssl.c:1000)')))", "traceback": "Traceback (most recent call last):\n  File \"/home/amg/projects/uece/baes/baes_benchmarking_20251028_0713/venv/lib/python3.12/site-packages/urllib3/connectionpool.py\", line 464, in _make_request\n    self._validate_conn(conn)\n  File \"/home/amg/projects/uece/baes/baes_benchmarking_20251028_0713/venv/lib/python3.12/site-packages/urllib3/connectionpool.py\", line 1093, in _validate_conn\n    conn.connect()\n  File \"/home/amg/projects/uece/baes/baes_benchmarking_20251028_0713/venv/lib/python3.12/site-packages/urllib3/connection.py\", line 790, in connect\n    sock_and_verified = _ssl_wrap_socket_and_match_hostname(\n                        ^^^^^^^^^^^^^^^^^^^^^^^^^^^^^^^^^^^^\n  File \"/home/amg/projects/uece/baes/baes_benchmarking_20251028_0713/venv/lib/python3.12/site-packages/urllib3/connection.py\", line 969, in _ssl_wrap_socket_and_match_hostname\n    ssl_sock = ssl_wrap_socket(\n               ^^^^^^^^^^^^^^^^\n  File \"/home/amg/projects/uece/baes/baes_benchmarking_20251028_0713/venv/lib/python3.12/site-packages/urllib3/util/ssl_.py\", line 480, in ssl_wrap_socket\n    ssl_sock = _ssl_wrap_socket_impl(sock, context, tls_in_tls, server_hostname)\n               ^^^^^^^^^^^^^^^^^^^^^^^^^^^^^^^^^^^^^^^^^^^^^^^^^^^^^^^^^^^^^^^^^\n  File \"/home/amg/projects/uece/baes/baes_benchmarking_20251028_0713/venv/lib/python3.12/site-packages/urllib3/util/ssl_.py\", line 524, in _ssl_wrap_socket_impl\n    return ssl_context.wrap_socket(sock, server_hostname=server_hostname)\n           ^^^^^^^^^^^^^^^^^^^^^^^^^^^^^^^^^^^^^^^^^^^^^^^^^^^^^^^^^^^^^^\n  File \"/usr/lib/python3.12/ssl.py\", line 455, in wrap_socket\n    return self.sslsocket_class._create(\n           ^^^^^^^^^^^^^^^^^^^^^^^^^^^^^\n  File \"/usr/lib/python3.12/ssl.py\", line 1042, in _create\n    self.do_handshake()\n  File \"/usr/lib/python3.12/ssl.py\", line 1320, in do_handshake\n    self._sslobj.do_handshake()\nssl.SSLEOFError: [SSL: UNEXPECTED_EOF_WHILE_READING] EOF occurred in violation of protocol (_ssl.c:1000)\n\nDuring handling of the above exception, another exception occurred:\n\nTraceback (most recent call last):\n  File \"/home/amg/projects/uece/baes/baes_benchmarking_20251028_0713/venv/lib/python3.12/site-packages/urllib3/connectionpool.py\", line 787, in urlopen\n    response = self._make_request(\n               ^^^^^^^^^^^^^^^^^^^\n  File \"/home/amg/projects/uece/baes/baes_benchmarking_20251028_0713/venv/lib/python3.12/site-packages/urllib3/connectionpool.py\", line 488, in _make_request\n    raise new_e\nurllib3.exceptions.SSLError: [SSL: UNEXPECTED_EOF_WHILE_READING] EOF occurred in violation of protocol (_ssl.c:1000)\n\nThe above exception was the direct cause of the following exception:\n\nTraceback (most recent call last):\n  File \"/home/amg/projects/uece/baes/baes_benchmarking_20251028_0713/venv/lib/python3.12/site-packages/requests/adapters.py\", line 644, in send\n    resp = conn.urlopen(\n           ^^^^^^^^^^^^^\n  File \"/home/amg/projects/uece/baes/baes_benchmarking_20251028_0713/venv/lib/python3.12/site-packages/urllib3/connectionpool.py\", line 841, in urlopen\n    retries = retries.increment(\n              ^^^^^^^^^^^^^^^^^^\n  File \"/home/amg/projects/uece/baes/baes_benchmarking_20251028_0713/venv/lib/python3.12/site-packages/urllib3/util/retry.py\", line 519, in increment\n    raise MaxRetryError(_pool, url, reason) from reason  # type: ignore[arg-type]\n    ^^^^^^^^^^^^^^^^^^^^^^^^^^^^^^^^^^^^^^^^^^^^^^^^^^^\nurllib3.exceptions.MaxRetryError: HTTPSConnectionPool(host='api.openai.com', port=443): Max retries exceeded with url: /v1/chat/completions (Caused by SSLError(SSLEOFError(8, '[SSL: UNEXPECTED_EOF_WHILE_READING] EOF occurred in violation of protocol (_ssl.c:1000)')))\n\nDuring handling of the above exception, another exception occurred:\n\nTraceback (most recent call last):\n  File \"/home/amg/projects/uece/baes/baes_benchmarking_20251028_0713/src/adapters/base_adapter.py\", line 260, in call_openai_chat_completion\n    response = requests.post(url, headers=headers, json=payload, timeout=timeout)\n               ^^^^^^^^^^^^^^^^^^^^^^^^^^^^^^^^^^^^^^^^^^^^^^^^^^^^^^^^^^^^^^^^^^\n  File \"/home/amg/projects/uece/baes/baes_benchmarking_20251028_0713/venv/lib/python3.12/site-packages/requests/api.py\", line 115, in post\n    return request(\"post\", url, data=data, json=json, **kwargs)\n           ^^^^^^^^^^^^^^^^^^^^^^^^^^^^^^^^^^^^^^^^^^^^^^^^^^^^\n  File \"/home/amg/projects/uece/baes/baes_benchmarking_20251028_0713/venv/lib/python3.12/site-packages/requests/api.py\", line 59, in request\n    return session.request(method=method, url=url, **kwargs)\n           ^^^^^^^^^^^^^^^^^^^^^^^^^^^^^^^^^^^^^^^^^^^^^^^^^\n  File \"/home/amg/projects/uece/baes/baes_benchmarking_20251028_0713/venv/lib/python3.12/site-packages/requests/sessions.py\", line 589, in request\n    resp = self.send(prep, **send_kwargs)\n           ^^^^^^^^^^^^^^^^^^^^^^^^^^^^^^\n  File \"/home/amg/projects/uece/baes/baes_benchmarking_20251028_0713/venv/lib/python3.12/site-packages/requests/sessions.py\", line 703, in send\n    r = adapter.send(request, **kwargs)\n        ^^^^^^^^^^^^^^^^^^^^^^^^^^^^^^^\n  File \"/home/amg/projects/uece/baes/baes_benchmarking_20251028_0713/venv/lib/python3.12/site-packages/requests/adapters.py\", line 675, in send\n    raise SSLError(e, request=request)\nrequests.exceptions.SSLError: HTTPSConnectionPool(host='api.openai.com', port=443): Max retries exceeded with url: /v1/chat/completions (Caused by SSLError(SSLEOFError(8, '[SSL: UNEXPECTED_EOF_WHILE_READING] EOF occurred in violation of protocol (_ssl.c:1000)')))\n\nThe above exception was the direct cause of the following exception:\n\nTraceback (most recent call last):\n  File \"/home/amg/projects/uece/baes/baes_benchmarking_20251028_0713/src/orchestrator/runner.py\", line 581, in execute_single_run\n    result = self._execute_step_with_retry(step_config.id, command_text)\n             ^^^^^^^^^^^^^^^^^^^^^^^^^^^^^^^^^^^^^^^^^^^^^^^^^^^^^^^^^^^\n  File \"/home/amg/projects/uece/baes/baes_benchmarking_20251028_0713/src/orchestrator/runner.py\", line 234, in _execute_step_with_retry\n    raise last_exception\n  File \"/home/amg/projects/uece/baes/baes_benchmarking_20251028_0713/src/orchestrator/runner.py\", line 213, in _execute_step_with_retry\n    result = self._execute_step_with_timeout(step_num, command_text)\n             ^^^^^^^^^^^^^^^^^^^^^^^^^^^^^^^^^^^^^^^^^^^^^^^^^^^^^^^\n  File \"/home/amg/projects/uece/baes/baes_benchmarking_20251028_0713/src/orchestrator/runner.py\", line 162, in _execute_step_with_timeout\n    result = self.adapter.execute_step(step_num, command_text)\n             ^^^^^^^^^^^^^^^^^^^^^^^^^^^^^^^^^^^^^^^^^^^^^^^^^\n  File \"/home/amg/projects/uece/baes/baes_benchmarking_20251028_0713/src/adapters/ghspec_adapter.py\", line 822, in execute_step\n    hitl, _tok_in, _tok_out, _calls, _cached = self._execute_task_implementation(command_text)\n                                               ^^^^^^^^^^^^^^^^^^^^^^^^^^^^^^^^^^^^^^^^^^^^^^^\n  File \"/home/amg/projects/uece/baes/baes_benchmarking_20251028_0713/src/adapters/ghspec_adapter.py\", line 1646, in _execute_task_implementation\n    response_text = self._call_openai(system_prompt_with_constitution, user_prompt)\n                    ^^^^^^^^^^^^^^^^^^^^^^^^^^^^^^^^^^^^^^^^^^^^^^^^^^^^^^^^^^^^^^^\n  File \"/home/amg/projects/uece/baes/baes_benchmarking_20251028_0713/src/adapters/ghspec_adapter.py\", line 1285, in _call_openai\n    return self.call_openai_chat_completion(\n           ^^^^^^^^^^^^^^^^^^^^^^^^^^^^^^^^^\n  File \"/home/amg/projects/uece/baes/baes_benchmarking_20251028_0713/src/adapters/base_adapter.py\", line 291, in call_openai_chat_completion\n    raise RuntimeError(f\"OpenAI API call failed: {e}\") from e\nRuntimeError: OpenAI API call failed: HTTPSConnectionPool(host='api.openai.com', port=443): Max retries exceeded with url: /v1/chat/completions (Caused by SSLError(SSLEOFError(8, '[SSL: UNEXPECTED_EOF_WHILE_READING] EOF occurred in violation of protocol (_ssl.c:1000)')))\n"}}
{"timestamp": "2025-10-30T10:44:36.870620Z", "level": "INFO", "module": "ghspec_adapter", "message": "Stopping GitHub Spec-kit framework", "run_id": "00f2e0c9-4ce8-46d3-82f8-44bf6006aabd", "event": "framework_stop"}
{"timestamp": "2025-10-30T10:44:36.870676Z", "level": "INFO", "module": "ghspec_adapter", "message": "GitHub Spec-kit framework stopped", "run_id": "00f2e0c9-4ce8-46d3-82f8-44bf6006aabd", "event": "framework_stopped"}
{"timestamp": "2025-10-30T10:44:36.870891Z", "level": "INFO", "module": "main", "message": "Running baes - run 69/100 | Run ID: 01335fc4-0951-423b-b2e1-90f637d0f53f"}
{"timestamp": "2025-10-30T10:44:36.875612Z", "level": "INFO", "module": "config_loader", "message": "Found 6 prompt files", "metadata": {"count": 6}}
{"timestamp": "2025-10-30T10:44:36.875678Z", "level": "INFO", "module": "config_loader", "message": "Configuration loaded and validated from config.yaml"}
{"timestamp": "2025-10-30T10:44:36.875757Z", "level": "INFO", "module": "config_loader", "message": "Set NumPy random seed", "metadata": {"seed": 42}}
{"timestamp": "2025-10-30T10:44:36.875800Z", "level": "INFO", "module": "config_loader", "message": "Deterministic seeds set", "metadata": {"seed": 42}}
{"timestamp": "2025-10-30T10:44:36.880372Z", "level": "INFO", "module": "isolation", "message": "Created isolated run directory: /home/amg/projects/uece/baes/baes_benchmarking_20251028_0713/runs/baes/01335fc4-0951-423b-b2e1-90f637d0f53f", "run_id": "01335fc4-0951-423b-b2e1-90f637d0f53f", "framework": "baes"}
{"timestamp": "2025-10-30T10:44:36.880445Z", "level": "INFO", "module": "runner", "message": "Starting framework run", "run_id": "01335fc4-0951-423b-b2e1-90f637d0f53f", "framework": "baes", "event": "run_start"}
{"timestamp": "2025-10-30T10:44:36.880569Z", "level": "INFO", "module": "baes_adapter", "message": "Starting BAEs framework", "run_id": "01335fc4-0951-423b-b2e1-90f637d0f53f", "event": "framework_start"}
{"timestamp": "2025-10-30T10:44:36.880695Z", "level": "INFO", "module": "baes_adapter", "message": "Using shared framework: /home/amg/projects/uece/baes/baes_benchmarking_20251028_0713/frameworks/baes", "run_id": "01335fc4-0951-423b-b2e1-90f637d0f53f"}
{"timestamp": "2025-10-30T10:44:36.880922Z", "level": "DEBUG", "module": "base_adapter", "message": "Using framework Python: /home/amg/projects/uece/baes/baes_benchmarking_20251028_0713/frameworks/baes/.venv/bin/python", "run_id": "01335fc4-0951-423b-b2e1-90f637d0f53f", "framework": "baes"}
{"timestamp": "2025-10-30T10:44:36.880980Z", "level": "INFO", "module": "baes_adapter", "message": "Using framework Python: /home/amg/projects/uece/baes/baes_benchmarking_20251028_0713/frameworks/baes/.venv/bin/python", "run_id": "01335fc4-0951-423b-b2e1-90f637d0f53f"}
{"timestamp": "2025-10-30T10:44:36.881046Z", "level": "INFO", "module": "baes_adapter", "message": "BAEs API key configured for token tracking", "run_id": "01335fc4-0951-423b-b2e1-90f637d0f53f"}
{"timestamp": "2025-10-30T10:44:36.881098Z", "level": "DEBUG", "module": "base_adapter", "message": "API key validation successful", "run_id": "01335fc4-0951-423b-b2e1-90f637d0f53f", "metadata": {"framework": "BAES", "key_var": "OPENAI_API_KEY_BAES", "key_id_var": "OPENAI_API_KEY_BAES_ID", "key_id": "key_Y0r9whvwK8Gilt6s"}}
{"timestamp": "2025-10-30T10:44:36.881143Z", "level": "INFO", "module": "baes_adapter", "message": "BAeS API key validated", "run_id": "01335fc4-0951-423b-b2e1-90f637d0f53f"}
{"timestamp": "2025-10-30T10:44:36.881191Z", "level": "INFO", "module": "baes_adapter", "message": "BAEs framework ready", "run_id": "01335fc4-0951-423b-b2e1-90f637d0f53f"}
{"timestamp": "2025-10-30T10:44:36.882158Z", "level": "INFO", "module": "validator", "message": "Downtime monitoring started", "run_id": "01335fc4-0951-423b-b2e1-90f637d0f53f", "event": "monitoring_start"}
{"timestamp": "2025-10-30T10:44:36.882528Z", "level": "WARNING", "module": "validator", "message": "Downtime detected", "run_id": "01335fc4-0951-423b-b2e1-90f637d0f53f", "event": "downtime", "metadata": {"zdi_count": 1}}
{"timestamp": "2025-10-30T10:44:36.882607Z", "level": "INFO", "module": "runner", "message": "Loaded 6 enabled steps from configuration", "run_id": "01335fc4-0951-423b-b2e1-90f637d0f53f", "event": "steps_loaded"}
