{"timestamp": "2025-10-31T04:21:23.170803Z", "level": "ERROR", "module": "runner", "message": "Run failed", "run_id": "52182db1-dfe1-4336-98cf-186b7419a058", "event": "run_failed", "metadata": {"error": "OpenAI API call failed: HTTPSConnectionPool(host='api.openai.com', port=443): Max retries exceeded with url: /v1/chat/completions (Caused by NameResolutionError(\"<urllib3.connection.HTTPSConnection object at 0x71eaae86d070>: Failed to resolve 'api.openai.com' ([Errno -2] Name or service not known)\"))", "traceback": "Traceback (most recent call last):\n  File \"/home/amg/projects/uece/baes/baes_benchmarking_20251028_0713/venv/lib/python3.12/site-packages/urllib3/connection.py\", line 198, in _new_conn\n    sock = connection.create_connection(\n           ^^^^^^^^^^^^^^^^^^^^^^^^^^^^^\n  File \"/home/amg/projects/uece/baes/baes_benchmarking_20251028_0713/venv/lib/python3.12/site-packages/urllib3/util/connection.py\", line 60, in create_connection\n    for res in socket.getaddrinfo(host, port, family, socket.SOCK_STREAM):\n               ^^^^^^^^^^^^^^^^^^^^^^^^^^^^^^^^^^^^^^^^^^^^^^^^^^^^^^^^^^\n  File \"/usr/lib/python3.12/socket.py\", line 963, in getaddrinfo\n    for res in _socket.getaddrinfo(host, port, family, type, proto, flags):\n               ^^^^^^^^^^^^^^^^^^^^^^^^^^^^^^^^^^^^^^^^^^^^^^^^^^^^^^^^^^^\nsocket.gaierror: [Errno -2] Name or service not known\n\nThe above exception was the direct cause of the following exception:\n\nTraceback (most recent call last):\n  File \"/home/amg/projects/uece/baes/baes_benchmarking_20251028_0713/venv/lib/python3.12/site-packages/urllib3/connectionpool.py\", line 787, in urlopen\n    response = self._make_request(\n               ^^^^^^^^^^^^^^^^^^^\n  File \"/home/amg/projects/uece/baes/baes_benchmarking_20251028_0713/venv/lib/python3.12/site-packages/urllib3/connectionpool.py\", line 488, in _make_request\n    raise new_e\n  File \"/home/amg/projects/uece/baes/baes_benchmarking_20251028_0713/venv/lib/python3.12/site-packages/urllib3/connectionpool.py\", line 464, in _make_request\n    self._validate_conn(conn)\n  File \"/home/amg/projects/uece/baes/baes_benchmarking_20251028_0713/venv/lib/python3.12/site-packages/urllib3/connectionpool.py\", line 1093, in _validate_conn\n    conn.connect()\n  File \"/home/amg/projects/uece/baes/baes_benchmarking_20251028_0713/venv/lib/python3.12/site-packages/urllib3/connection.py\", line 753, in connect\n    self.sock = sock = self._new_conn()\n                       ^^^^^^^^^^^^^^^^\n  File \"/home/amg/projects/uece/baes/baes_benchmarking_20251028_0713/venv/lib/python3.12/site-packages/urllib3/connection.py\", line 205, in _new_conn\n    raise NameResolutionError(self.host, self, e) from e\nurllib3.exceptions.NameResolutionError: <urllib3.connection.HTTPSConnection object at 0x71eaae86d070>: Failed to resolve 'api.openai.com' ([Errno -2] Name or service not known)\n\nThe above exception was the direct cause of the following exception:\n\nTraceback (most recent call last):\n  File \"/home/amg/projects/uece/baes/baes_benchmarking_20251028_0713/venv/lib/python3.12/site-packages/requests/adapters.py\", line 644, in send\n    resp = conn.urlopen(\n           ^^^^^^^^^^^^^\n  File \"/home/amg/projects/uece/baes/baes_benchmarking_20251028_0713/venv/lib/python3.12/site-packages/urllib3/connectionpool.py\", line 841, in urlopen\n    retries = retries.increment(\n              ^^^^^^^^^^^^^^^^^^\n  File \"/home/amg/projects/uece/baes/baes_benchmarking_20251028_0713/venv/lib/python3.12/site-packages/urllib3/util/retry.py\", line 519, in increment\n    raise MaxRetryError(_pool, url, reason) from reason  # type: ignore[arg-type]\n    ^^^^^^^^^^^^^^^^^^^^^^^^^^^^^^^^^^^^^^^^^^^^^^^^^^^\nurllib3.exceptions.MaxRetryError: HTTPSConnectionPool(host='api.openai.com', port=443): Max retries exceeded with url: /v1/chat/completions (Caused by NameResolutionError(\"<urllib3.connection.HTTPSConnection object at 0x71eaae86d070>: Failed to resolve 'api.openai.com' ([Errno -2] Name or service not known)\"))\n\nDuring handling of the above exception, another exception occurred:\n\nTraceback (most recent call last):\n  File \"/home/amg/projects/uece/baes/baes_benchmarking_20251028_0713/src/adapters/base_adapter.py\", line 260, in call_openai_chat_completion\n    response = requests.post(url, headers=headers, json=payload, timeout=timeout)\n               ^^^^^^^^^^^^^^^^^^^^^^^^^^^^^^^^^^^^^^^^^^^^^^^^^^^^^^^^^^^^^^^^^^\n  File \"/home/amg/projects/uece/baes/baes_benchmarking_20251028_0713/venv/lib/python3.12/site-packages/requests/api.py\", line 115, in post\n    return request(\"post\", url, data=data, json=json, **kwargs)\n           ^^^^^^^^^^^^^^^^^^^^^^^^^^^^^^^^^^^^^^^^^^^^^^^^^^^^\n  File \"/home/amg/projects/uece/baes/baes_benchmarking_20251028_0713/venv/lib/python3.12/site-packages/requests/api.py\", line 59, in request\n    return session.request(method=method, url=url, **kwargs)\n           ^^^^^^^^^^^^^^^^^^^^^^^^^^^^^^^^^^^^^^^^^^^^^^^^^\n  File \"/home/amg/projects/uece/baes/baes_benchmarking_20251028_0713/venv/lib/python3.12/site-packages/requests/sessions.py\", line 589, in request\n    resp = self.send(prep, **send_kwargs)\n           ^^^^^^^^^^^^^^^^^^^^^^^^^^^^^^\n  File \"/home/amg/projects/uece/baes/baes_benchmarking_20251028_0713/venv/lib/python3.12/site-packages/requests/sessions.py\", line 703, in send\n    r = adapter.send(request, **kwargs)\n        ^^^^^^^^^^^^^^^^^^^^^^^^^^^^^^^\n  File \"/home/amg/projects/uece/baes/baes_benchmarking_20251028_0713/venv/lib/python3.12/site-packages/requests/adapters.py\", line 677, in send\n    raise ConnectionError(e, request=request)\nrequests.exceptions.ConnectionError: HTTPSConnectionPool(host='api.openai.com', port=443): Max retries exceeded with url: /v1/chat/completions (Caused by NameResolutionError(\"<urllib3.connection.HTTPSConnection object at 0x71eaae86d070>: Failed to resolve 'api.openai.com' ([Errno -2] Name or service not known)\"))\n\nThe above exception was the direct cause of the following exception:\n\nTraceback (most recent call last):\n  File \"/home/amg/projects/uece/baes/baes_benchmarking_20251028_0713/src/orchestrator/runner.py\", line 581, in execute_single_run\n    result = self._execute_step_with_retry(step_config.id, command_text)\n             ^^^^^^^^^^^^^^^^^^^^^^^^^^^^^^^^^^^^^^^^^^^^^^^^^^^^^^^^^^^\n  File \"/home/amg/projects/uece/baes/baes_benchmarking_20251028_0713/src/orchestrator/runner.py\", line 234, in _execute_step_with_retry\n    raise last_exception\n  File \"/home/amg/projects/uece/baes/baes_benchmarking_20251028_0713/src/orchestrator/runner.py\", line 213, in _execute_step_with_retry\n    result = self._execute_step_with_timeout(step_num, command_text)\n             ^^^^^^^^^^^^^^^^^^^^^^^^^^^^^^^^^^^^^^^^^^^^^^^^^^^^^^^\n  File \"/home/amg/projects/uece/baes/baes_benchmarking_20251028_0713/src/orchestrator/runner.py\", line 162, in _execute_step_with_timeout\n    result = self.adapter.execute_step(step_num, command_text)\n             ^^^^^^^^^^^^^^^^^^^^^^^^^^^^^^^^^^^^^^^^^^^^^^^^^\n  File \"/home/amg/projects/uece/baes/baes_benchmarking_20251028_0713/src/adapters/ghspec_adapter.py\", line 783, in execute_step\n    hitl, _tok_in, _tok_out, _calls, _cached = self._execute_specify_phase(command_text)\n                                               ^^^^^^^^^^^^^^^^^^^^^^^^^^^^^^^^^^^^^^^^^\n  File \"/home/amg/projects/uece/baes/baes_benchmarking_20251028_0713/src/adapters/ghspec_adapter.py\", line 496, in _execute_specify_phase\n    response_text = self._call_openai(system_prompt_with_constitution, user_prompt)\n                    ^^^^^^^^^^^^^^^^^^^^^^^^^^^^^^^^^^^^^^^^^^^^^^^^^^^^^^^^^^^^^^^\n  File \"/home/amg/projects/uece/baes/baes_benchmarking_20251028_0713/src/adapters/ghspec_adapter.py\", line 1285, in _call_openai\n    return self.call_openai_chat_completion(\n           ^^^^^^^^^^^^^^^^^^^^^^^^^^^^^^^^^\n  File \"/home/amg/projects/uece/baes/baes_benchmarking_20251028_0713/src/adapters/base_adapter.py\", line 291, in call_openai_chat_completion\n    raise RuntimeError(f\"OpenAI API call failed: {e}\") from e\nRuntimeError: OpenAI API call failed: HTTPSConnectionPool(host='api.openai.com', port=443): Max retries exceeded with url: /v1/chat/completions (Caused by NameResolutionError(\"<urllib3.connection.HTTPSConnection object at 0x71eaae86d070>: Failed to resolve 'api.openai.com' ([Errno -2] Name or service not known)\"))\n"}}
{"timestamp": "2025-10-31T04:21:23.171106Z", "level": "INFO", "module": "ghspec_adapter", "message": "Stopping GitHub Spec-kit framework", "run_id": "52182db1-dfe1-4336-98cf-186b7419a058", "event": "framework_stop"}
{"timestamp": "2025-10-31T04:21:23.171173Z", "level": "INFO", "module": "ghspec_adapter", "message": "GitHub Spec-kit framework stopped", "run_id": "52182db1-dfe1-4336-98cf-186b7419a058", "event": "framework_stopped"}
{"timestamp": "2025-10-31T04:21:23.171432Z", "level": "INFO", "module": "main", "message": "Running baes - run 95/100 | Run ID: 72c042f0-f3b3-4f7c-9b7c-52c70f2acf3d"}
{"timestamp": "2025-10-31T04:21:23.176563Z", "level": "INFO", "module": "config_loader", "message": "Found 6 prompt files", "metadata": {"count": 6}}
{"timestamp": "2025-10-31T04:21:23.176629Z", "level": "INFO", "module": "config_loader", "message": "Configuration loaded and validated from config.yaml"}
{"timestamp": "2025-10-31T04:21:23.176716Z", "level": "INFO", "module": "config_loader", "message": "Set NumPy random seed", "metadata": {"seed": 42}}
{"timestamp": "2025-10-31T04:21:23.176761Z", "level": "INFO", "module": "config_loader", "message": "Deterministic seeds set", "metadata": {"seed": 42}}
{"timestamp": "2025-10-31T04:21:23.181425Z", "level": "INFO", "module": "isolation", "message": "Created isolated run directory: /home/amg/projects/uece/baes/baes_benchmarking_20251028_0713/runs/baes/72c042f0-f3b3-4f7c-9b7c-52c70f2acf3d", "run_id": "72c042f0-f3b3-4f7c-9b7c-52c70f2acf3d", "framework": "baes"}
{"timestamp": "2025-10-31T04:21:23.181498Z", "level": "INFO", "module": "runner", "message": "Starting framework run", "run_id": "72c042f0-f3b3-4f7c-9b7c-52c70f2acf3d", "framework": "baes", "event": "run_start"}
{"timestamp": "2025-10-31T04:21:23.181625Z", "level": "INFO", "module": "baes_adapter", "message": "Starting BAEs framework", "run_id": "72c042f0-f3b3-4f7c-9b7c-52c70f2acf3d", "event": "framework_start"}
{"timestamp": "2025-10-31T04:21:23.181752Z", "level": "INFO", "module": "baes_adapter", "message": "Using shared framework: /home/amg/projects/uece/baes/baes_benchmarking_20251028_0713/frameworks/baes", "run_id": "72c042f0-f3b3-4f7c-9b7c-52c70f2acf3d"}
{"timestamp": "2025-10-31T04:21:23.181957Z", "level": "DEBUG", "module": "base_adapter", "message": "Using framework Python: /home/amg/projects/uece/baes/baes_benchmarking_20251028_0713/frameworks/baes/.venv/bin/python", "run_id": "72c042f0-f3b3-4f7c-9b7c-52c70f2acf3d", "framework": "baes"}
{"timestamp": "2025-10-31T04:21:23.182014Z", "level": "INFO", "module": "baes_adapter", "message": "Using framework Python: /home/amg/projects/uece/baes/baes_benchmarking_20251028_0713/frameworks/baes/.venv/bin/python", "run_id": "72c042f0-f3b3-4f7c-9b7c-52c70f2acf3d"}
{"timestamp": "2025-10-31T04:21:23.182081Z", "level": "INFO", "module": "baes_adapter", "message": "BAEs API key configured for token tracking", "run_id": "72c042f0-f3b3-4f7c-9b7c-52c70f2acf3d"}
{"timestamp": "2025-10-31T04:21:23.182133Z", "level": "DEBUG", "module": "base_adapter", "message": "API key validation successful", "run_id": "72c042f0-f3b3-4f7c-9b7c-52c70f2acf3d", "metadata": {"framework": "BAES", "key_var": "OPENAI_API_KEY_BAES", "key_id_var": "OPENAI_API_KEY_BAES_ID", "key_id": "key_Y0r9whvwK8Gilt6s"}}
{"timestamp": "2025-10-31T04:21:23.182176Z", "level": "INFO", "module": "baes_adapter", "message": "BAeS API key validated", "run_id": "72c042f0-f3b3-4f7c-9b7c-52c70f2acf3d"}
{"timestamp": "2025-10-31T04:21:23.182224Z", "level": "INFO", "module": "baes_adapter", "message": "BAEs framework ready", "run_id": "72c042f0-f3b3-4f7c-9b7c-52c70f2acf3d"}
{"timestamp": "2025-10-31T04:21:23.183129Z", "level": "INFO", "module": "validator", "message": "Downtime monitoring started", "run_id": "72c042f0-f3b3-4f7c-9b7c-52c70f2acf3d", "event": "monitoring_start"}
{"timestamp": "2025-10-31T04:21:23.183371Z", "level": "INFO", "module": "runner", "message": "Loaded 6 enabled steps from configuration", "run_id": "72c042f0-f3b3-4f7c-9b7c-52c70f2acf3d", "event": "steps_loaded"}
{"timestamp": "2025-10-31T04:21:23.183514Z", "level": "WARNING", "module": "validator", "message": "Downtime detected", "run_id": "72c042f0-f3b3-4f7c-9b7c-52c70f2acf3d", "event": "downtime", "metadata": {"zdi_count": 1}}
