{"timestamp": "2025-10-31T20:35:26.441495Z", "level": "INFO", "module": "runner", "message": "Created final symlink to sprint 6", "run_id": "d383a702-26ee-4245-88b4-421dbae82945", "event": "final_symlink_created"}
{"timestamp": "2025-10-31T20:35:26.441646Z", "level": "INFO", "module": "runner", "message": "Generated run README", "run_id": "d383a702-26ee-4245-88b4-421dbae82945", "event": "readme_generated"}
{"timestamp": "2025-10-31T20:35:29.678400Z", "level": "INFO", "module": "validator", "message": "Downtime monitoring stopped. Total incidents: 239", "run_id": "d383a702-26ee-4245-88b4-421dbae82945", "event": "monitoring_stop", "metadata": {"ZDI": 239}}
{"timestamp": "2025-10-31T20:35:29.678563Z", "level": "INFO", "module": "runner", "message": "Running final validation", "run_id": "d383a702-26ee-4245-88b4-421dbae82945", "event": "validation_start"}
{"timestamp": "2025-10-31T20:35:29.678911Z", "level": "ERROR", "module": "base_adapter", "message": "ChatDev generated no files in /home/amg/projects/uece/baes/baes_benchmarking_20251028_0713/runs/chatdev/d383a702-26ee-4245-88b4-421dbae82945/sprint_006/generated_artifacts", "run_id": "d383a702-26ee-4245-88b4-421dbae82945"}
{"timestamp": "2025-10-31T20:35:29.679081Z", "level": "ERROR", "module": "runner", "message": "\u274c Validation Failed: No Python files generated in workspace\n\n\ud83d\udcc1 Expected location: /home/amg/projects/uece/baes/baes_benchmarking_20251028_0713/runs/chatdev/d383a702-26ee-4245-88b4-421dbae82945/sprint_006/generated_artifacts\n\ud83d\udd0d Issue: ChatDev framework executed but failed to generate code files\n\n\ud83d\udccb Root Cause:\nAssertionError\n\n\ud83d\udca1 Next Steps:\n   1. Check adapter logs: runs/<run_id>/logs/step_*/adapter.log\n   2. Review the root cause error above\n   3. Fix the issue in the ChatDev framework if needed", "run_id": "d383a702-26ee-4245-88b4-421dbae82945", "event": "artifact_validation_failed"}
{"timestamp": "2025-10-31T20:35:29.679811Z", "level": "ERROR", "module": "runner", "message": "Run failed", "run_id": "d383a702-26ee-4245-88b4-421dbae82945", "event": "run_failed", "metadata": {"error": "\u274c Validation Failed: No Python files generated in workspace\n\n\ud83d\udcc1 Expected location: /home/amg/projects/uece/baes/baes_benchmarking_20251028_0713/runs/chatdev/d383a702-26ee-4245-88b4-421dbae82945/sprint_006/generated_artifacts\n\ud83d\udd0d Issue: ChatDev framework executed but failed to generate code files\n\n\ud83d\udccb Root Cause:\nAssertionError\n\n\ud83d\udca1 Next Steps:\n   1. Check adapter logs: runs/<run_id>/logs/step_*/adapter.log\n   2. Review the root cause error above\n   3. Fix the issue in the ChatDev framework if needed", "traceback": "Traceback (most recent call last):\n  File \"/home/amg/projects/uece/baes/baes_benchmarking_20251028_0713/src/orchestrator/runner.py\", line 759, in execute_single_run\n    raise RuntimeError(artifact_error)\nRuntimeError: \u274c Validation Failed: No Python files generated in workspace\n\n\ud83d\udcc1 Expected location: /home/amg/projects/uece/baes/baes_benchmarking_20251028_0713/runs/chatdev/d383a702-26ee-4245-88b4-421dbae82945/sprint_006/generated_artifacts\n\ud83d\udd0d Issue: ChatDev framework executed but failed to generate code files\n\n\ud83d\udccb Root Cause:\nAssertionError\n\n\ud83d\udca1 Next Steps:\n   1. Check adapter logs: runs/<run_id>/logs/step_*/adapter.log\n   2. Review the root cause error above\n   3. Fix the issue in the ChatDev framework if needed\n"}}
{"timestamp": "2025-10-31T20:35:29.680033Z", "level": "INFO", "module": "chatdev_adapter", "message": "Stopping ChatDev framework", "run_id": "d383a702-26ee-4245-88b4-421dbae82945", "event": "framework_stop"}
{"timestamp": "2025-10-31T20:35:29.680089Z", "level": "INFO", "module": "chatdev_adapter", "message": "ChatDev framework stopped", "run_id": "d383a702-26ee-4245-88b4-421dbae82945", "event": "framework_stopped"}
{"timestamp": "2025-10-31T20:38:29.680588Z", "level": "INFO", "module": "main", "message": "Running ghspec - run 100/100 | Run ID: 831f4202-dd3e-4e69-a97f-941873f8a03d"}
{"timestamp": "2025-10-31T20:38:29.686716Z", "level": "INFO", "module": "config_loader", "message": "Found 6 prompt files", "metadata": {"count": 6}}
{"timestamp": "2025-10-31T20:38:29.686842Z", "level": "INFO", "module": "config_loader", "message": "Configuration loaded and validated from config.yaml"}
{"timestamp": "2025-10-31T20:38:29.686931Z", "level": "INFO", "module": "config_loader", "message": "Set NumPy random seed", "metadata": {"seed": 42}}
{"timestamp": "2025-10-31T20:38:29.686975Z", "level": "INFO", "module": "config_loader", "message": "Deterministic seeds set", "metadata": {"seed": 42}}
{"timestamp": "2025-10-31T20:38:29.691599Z", "level": "INFO", "module": "isolation", "message": "Created isolated run directory: /home/amg/projects/uece/baes/baes_benchmarking_20251028_0713/runs/ghspec/831f4202-dd3e-4e69-a97f-941873f8a03d", "run_id": "831f4202-dd3e-4e69-a97f-941873f8a03d", "framework": "ghspec"}
{"timestamp": "2025-10-31T20:38:29.691682Z", "level": "INFO", "module": "runner", "message": "Starting framework run", "run_id": "831f4202-dd3e-4e69-a97f-941873f8a03d", "framework": "ghspec", "event": "run_start"}
{"timestamp": "2025-10-31T20:38:29.691815Z", "level": "INFO", "module": "ghspec_adapter", "message": "Starting GitHub Spec-kit framework", "run_id": "831f4202-dd3e-4e69-a97f-941873f8a03d", "event": "framework_start"}
{"timestamp": "2025-10-31T20:38:29.691960Z", "level": "INFO", "module": "ghspec_adapter", "message": "Using shared GitHub Spec-kit framework", "run_id": "831f4202-dd3e-4e69-a97f-941873f8a03d", "metadata": {"framework_dir": "/home/amg/projects/uece/baes/baes_benchmarking_20251028_0713/frameworks/ghspec"}}
{"timestamp": "2025-10-31T20:38:29.692154Z", "level": "INFO", "module": "ghspec_adapter", "message": "Workspace structure created", "run_id": "831f4202-dd3e-4e69-a97f-941873f8a03d", "metadata": {"specs_dir": "/home/amg/projects/uece/baes/baes_benchmarking_20251028_0713/runs/ghspec/831f4202-dd3e-4e69-a97f-941873f8a03d/specs", "feature_dir": "/home/amg/projects/uece/baes/baes_benchmarking_20251028_0713/runs/ghspec/831f4202-dd3e-4e69-a97f-941873f8a03d/specs/001-baes-experiment", "src_dir": "/home/amg/projects/uece/baes/baes_benchmarking_20251028_0713/runs/ghspec/831f4202-dd3e-4e69-a97f-941873f8a03d/specs/001-baes-experiment/src"}}
{"timestamp": "2025-10-31T20:38:29.692281Z", "level": "INFO", "module": "ghspec_adapter", "message": "Loaded default constitution", "run_id": "831f4202-dd3e-4e69-a97f-941873f8a03d", "metadata": {"source": "default", "size_bytes": 8781}}
{"timestamp": "2025-10-31T20:38:29.692338Z", "level": "INFO", "module": "ghspec_adapter", "message": "No tech stack constraints - AI has free choice", "run_id": "831f4202-dd3e-4e69-a97f-941873f8a03d", "metadata": {"configured": false, "mode": "free_choice", "sprint_num": 1}}
{"timestamp": "2025-10-31T20:38:29.692383Z", "level": "INFO", "module": "ghspec_adapter", "message": "Template configuration validated", "run_id": "831f4202-dd3e-4e69-a97f-941873f8a03d", "metadata": {"template_source": "static"}}
{"timestamp": "2025-10-31T20:38:29.692468Z", "level": "INFO", "module": "ghspec_adapter", "message": "Constitution loaded and prepared for prompt injection", "run_id": "831f4202-dd3e-4e69-a97f-941873f8a03d", "metadata": {"source": "default", "size_bytes": 8781, "size_kb": 8.58, "excerpt_size_bytes": 8781, "was_chunked": false, "line_count": 241}}
{"timestamp": "2025-10-31T20:38:29.692529Z", "level": "DEBUG", "module": "base_adapter", "message": "API key validation successful", "run_id": "831f4202-dd3e-4e69-a97f-941873f8a03d", "metadata": {"framework": "GHSPEC", "key_var": "OPENAI_API_KEY_GHSPEC", "key_id_var": "OPENAI_API_KEY_GHSPEC_ID", "key_id": "key_3QRCYbJRFQ0G4ycm"}}
{"timestamp": "2025-10-31T20:38:29.692573Z", "level": "INFO", "module": "ghspec_adapter", "message": "GHSpec API key validated", "run_id": "831f4202-dd3e-4e69-a97f-941873f8a03d"}
{"timestamp": "2025-10-31T20:38:29.692612Z", "level": "INFO", "module": "ghspec_adapter", "message": "GitHub Spec-kit framework ready", "run_id": "831f4202-dd3e-4e69-a97f-941873f8a03d", "metadata": {"framework_dir": "/home/amg/projects/uece/baes/baes_benchmarking_20251028_0713/frameworks/ghspec", "specs_dir": "/home/amg/projects/uece/baes/baes_benchmarking_20251028_0713/runs/ghspec/831f4202-dd3e-4e69-a97f-941873f8a03d/specs", "feature_dir": "/home/amg/projects/uece/baes/baes_benchmarking_20251028_0713/runs/ghspec/831f4202-dd3e-4e69-a97f-941873f8a03d/specs/001-baes-experiment"}}
{"timestamp": "2025-10-31T20:38:29.693406Z", "level": "INFO", "module": "validator", "message": "Downtime monitoring started", "run_id": "831f4202-dd3e-4e69-a97f-941873f8a03d", "event": "monitoring_start"}
{"timestamp": "2025-10-31T20:38:29.693712Z", "level": "INFO", "module": "runner", "message": "Loaded 6 enabled steps from configuration", "run_id": "831f4202-dd3e-4e69-a97f-941873f8a03d", "event": "steps_loaded"}
{"timestamp": "2025-10-31T20:38:29.694001Z", "level": "WARNING", "module": "validator", "message": "Downtime detected", "run_id": "831f4202-dd3e-4e69-a97f-941873f8a03d", "event": "downtime", "metadata": {"zdi_count": 1}}
