{"timestamp": "2025-10-31T11:42:07.616648Z", "level": "ERROR", "module": "runner", "message": "Run failed", "run_id": "e661eaeb-a9c6-4183-86a5-67be4bb68d51", "event": "run_failed", "metadata": {"error": "OpenAI API call failed: ('Connection aborted.', ConnectionResetError(104, 'Connection reset by peer'))", "traceback": "Traceback (most recent call last):\n  File \"/home/amg/projects/uece/baes/baes_benchmarking_20251028_0713/venv/lib/python3.12/site-packages/urllib3/connectionpool.py\", line 787, in urlopen\n    response = self._make_request(\n               ^^^^^^^^^^^^^^^^^^^\n  File \"/home/amg/projects/uece/baes/baes_benchmarking_20251028_0713/venv/lib/python3.12/site-packages/urllib3/connectionpool.py\", line 488, in _make_request\n    raise new_e\n  File \"/home/amg/projects/uece/baes/baes_benchmarking_20251028_0713/venv/lib/python3.12/site-packages/urllib3/connectionpool.py\", line 464, in _make_request\n    self._validate_conn(conn)\n  File \"/home/amg/projects/uece/baes/baes_benchmarking_20251028_0713/venv/lib/python3.12/site-packages/urllib3/connectionpool.py\", line 1093, in _validate_conn\n    conn.connect()\n  File \"/home/amg/projects/uece/baes/baes_benchmarking_20251028_0713/venv/lib/python3.12/site-packages/urllib3/connection.py\", line 790, in connect\n    sock_and_verified = _ssl_wrap_socket_and_match_hostname(\n                        ^^^^^^^^^^^^^^^^^^^^^^^^^^^^^^^^^^^^\n  File \"/home/amg/projects/uece/baes/baes_benchmarking_20251028_0713/venv/lib/python3.12/site-packages/urllib3/connection.py\", line 969, in _ssl_wrap_socket_and_match_hostname\n    ssl_sock = ssl_wrap_socket(\n               ^^^^^^^^^^^^^^^^\n  File \"/home/amg/projects/uece/baes/baes_benchmarking_20251028_0713/venv/lib/python3.12/site-packages/urllib3/util/ssl_.py\", line 480, in ssl_wrap_socket\n    ssl_sock = _ssl_wrap_socket_impl(sock, context, tls_in_tls, server_hostname)\n               ^^^^^^^^^^^^^^^^^^^^^^^^^^^^^^^^^^^^^^^^^^^^^^^^^^^^^^^^^^^^^^^^^\n  File \"/home/amg/projects/uece/baes/baes_benchmarking_20251028_0713/venv/lib/python3.12/site-packages/urllib3/util/ssl_.py\", line 524, in _ssl_wrap_socket_impl\n    return ssl_context.wrap_socket(sock, server_hostname=server_hostname)\n           ^^^^^^^^^^^^^^^^^^^^^^^^^^^^^^^^^^^^^^^^^^^^^^^^^^^^^^^^^^^^^^\n  File \"/usr/lib/python3.12/ssl.py\", line 455, in wrap_socket\n    return self.sslsocket_class._create(\n           ^^^^^^^^^^^^^^^^^^^^^^^^^^^^^\n  File \"/usr/lib/python3.12/ssl.py\", line 1042, in _create\n    self.do_handshake()\n  File \"/usr/lib/python3.12/ssl.py\", line 1320, in do_handshake\n    self._sslobj.do_handshake()\nConnectionResetError: [Errno 104] Connection reset by peer\n\nDuring handling of the above exception, another exception occurred:\n\nTraceback (most recent call last):\n  File \"/home/amg/projects/uece/baes/baes_benchmarking_20251028_0713/venv/lib/python3.12/site-packages/requests/adapters.py\", line 644, in send\n    resp = conn.urlopen(\n           ^^^^^^^^^^^^^\n  File \"/home/amg/projects/uece/baes/baes_benchmarking_20251028_0713/venv/lib/python3.12/site-packages/urllib3/connectionpool.py\", line 841, in urlopen\n    retries = retries.increment(\n              ^^^^^^^^^^^^^^^^^^\n  File \"/home/amg/projects/uece/baes/baes_benchmarking_20251028_0713/venv/lib/python3.12/site-packages/urllib3/util/retry.py\", line 474, in increment\n    raise reraise(type(error), error, _stacktrace)\n          ^^^^^^^^^^^^^^^^^^^^^^^^^^^^^^^^^^^^^^^^\n  File \"/home/amg/projects/uece/baes/baes_benchmarking_20251028_0713/venv/lib/python3.12/site-packages/urllib3/util/util.py\", line 38, in reraise\n    raise value.with_traceback(tb)\n  File \"/home/amg/projects/uece/baes/baes_benchmarking_20251028_0713/venv/lib/python3.12/site-packages/urllib3/connectionpool.py\", line 787, in urlopen\n    response = self._make_request(\n               ^^^^^^^^^^^^^^^^^^^\n  File \"/home/amg/projects/uece/baes/baes_benchmarking_20251028_0713/venv/lib/python3.12/site-packages/urllib3/connectionpool.py\", line 488, in _make_request\n    raise new_e\n  File \"/home/amg/projects/uece/baes/baes_benchmarking_20251028_0713/venv/lib/python3.12/site-packages/urllib3/connectionpool.py\", line 464, in _make_request\n    self._validate_conn(conn)\n  File \"/home/amg/projects/uece/baes/baes_benchmarking_20251028_0713/venv/lib/python3.12/site-packages/urllib3/connectionpool.py\", line 1093, in _validate_conn\n    conn.connect()\n  File \"/home/amg/projects/uece/baes/baes_benchmarking_20251028_0713/venv/lib/python3.12/site-packages/urllib3/connection.py\", line 790, in connect\n    sock_and_verified = _ssl_wrap_socket_and_match_hostname(\n                        ^^^^^^^^^^^^^^^^^^^^^^^^^^^^^^^^^^^^\n  File \"/home/amg/projects/uece/baes/baes_benchmarking_20251028_0713/venv/lib/python3.12/site-packages/urllib3/connection.py\", line 969, in _ssl_wrap_socket_and_match_hostname\n    ssl_sock = ssl_wrap_socket(\n               ^^^^^^^^^^^^^^^^\n  File \"/home/amg/projects/uece/baes/baes_benchmarking_20251028_0713/venv/lib/python3.12/site-packages/urllib3/util/ssl_.py\", line 480, in ssl_wrap_socket\n    ssl_sock = _ssl_wrap_socket_impl(sock, context, tls_in_tls, server_hostname)\n               ^^^^^^^^^^^^^^^^^^^^^^^^^^^^^^^^^^^^^^^^^^^^^^^^^^^^^^^^^^^^^^^^^\n  File \"/home/amg/projects/uece/baes/baes_benchmarking_20251028_0713/venv/lib/python3.12/site-packages/urllib3/util/ssl_.py\", line 524, in _ssl_wrap_socket_impl\n    return ssl_context.wrap_socket(sock, server_hostname=server_hostname)\n           ^^^^^^^^^^^^^^^^^^^^^^^^^^^^^^^^^^^^^^^^^^^^^^^^^^^^^^^^^^^^^^\n  File \"/usr/lib/python3.12/ssl.py\", line 455, in wrap_socket\n    return self.sslsocket_class._create(\n           ^^^^^^^^^^^^^^^^^^^^^^^^^^^^^\n  File \"/usr/lib/python3.12/ssl.py\", line 1042, in _create\n    self.do_handshake()\n  File \"/usr/lib/python3.12/ssl.py\", line 1320, in do_handshake\n    self._sslobj.do_handshake()\nurllib3.exceptions.ProtocolError: ('Connection aborted.', ConnectionResetError(104, 'Connection reset by peer'))\n\nDuring handling of the above exception, another exception occurred:\n\nTraceback (most recent call last):\n  File \"/home/amg/projects/uece/baes/baes_benchmarking_20251028_0713/src/adapters/base_adapter.py\", line 260, in call_openai_chat_completion\n    response = requests.post(url, headers=headers, json=payload, timeout=timeout)\n               ^^^^^^^^^^^^^^^^^^^^^^^^^^^^^^^^^^^^^^^^^^^^^^^^^^^^^^^^^^^^^^^^^^\n  File \"/home/amg/projects/uece/baes/baes_benchmarking_20251028_0713/venv/lib/python3.12/site-packages/requests/api.py\", line 115, in post\n    return request(\"post\", url, data=data, json=json, **kwargs)\n           ^^^^^^^^^^^^^^^^^^^^^^^^^^^^^^^^^^^^^^^^^^^^^^^^^^^^\n  File \"/home/amg/projects/uece/baes/baes_benchmarking_20251028_0713/venv/lib/python3.12/site-packages/requests/api.py\", line 59, in request\n    return session.request(method=method, url=url, **kwargs)\n           ^^^^^^^^^^^^^^^^^^^^^^^^^^^^^^^^^^^^^^^^^^^^^^^^^\n  File \"/home/amg/projects/uece/baes/baes_benchmarking_20251028_0713/venv/lib/python3.12/site-packages/requests/sessions.py\", line 589, in request\n    resp = self.send(prep, **send_kwargs)\n           ^^^^^^^^^^^^^^^^^^^^^^^^^^^^^^\n  File \"/home/amg/projects/uece/baes/baes_benchmarking_20251028_0713/venv/lib/python3.12/site-packages/requests/sessions.py\", line 703, in send\n    r = adapter.send(request, **kwargs)\n        ^^^^^^^^^^^^^^^^^^^^^^^^^^^^^^^\n  File \"/home/amg/projects/uece/baes/baes_benchmarking_20251028_0713/venv/lib/python3.12/site-packages/requests/adapters.py\", line 659, in send\n    raise ConnectionError(err, request=request)\nrequests.exceptions.ConnectionError: ('Connection aborted.', ConnectionResetError(104, 'Connection reset by peer'))\n\nThe above exception was the direct cause of the following exception:\n\nTraceback (most recent call last):\n  File \"/home/amg/projects/uece/baes/baes_benchmarking_20251028_0713/src/orchestrator/runner.py\", line 581, in execute_single_run\n    result = self._execute_step_with_retry(step_config.id, command_text)\n             ^^^^^^^^^^^^^^^^^^^^^^^^^^^^^^^^^^^^^^^^^^^^^^^^^^^^^^^^^^^\n  File \"/home/amg/projects/uece/baes/baes_benchmarking_20251028_0713/src/orchestrator/runner.py\", line 234, in _execute_step_with_retry\n    raise last_exception\n  File \"/home/amg/projects/uece/baes/baes_benchmarking_20251028_0713/src/orchestrator/runner.py\", line 213, in _execute_step_with_retry\n    result = self._execute_step_with_timeout(step_num, command_text)\n             ^^^^^^^^^^^^^^^^^^^^^^^^^^^^^^^^^^^^^^^^^^^^^^^^^^^^^^^\n  File \"/home/amg/projects/uece/baes/baes_benchmarking_20251028_0713/src/orchestrator/runner.py\", line 162, in _execute_step_with_timeout\n    result = self.adapter.execute_step(step_num, command_text)\n             ^^^^^^^^^^^^^^^^^^^^^^^^^^^^^^^^^^^^^^^^^^^^^^^^^\n  File \"/home/amg/projects/uece/baes/baes_benchmarking_20251028_0713/src/adapters/ghspec_adapter.py\", line 783, in execute_step\n    hitl, _tok_in, _tok_out, _calls, _cached = self._execute_specify_phase(command_text)\n                                               ^^^^^^^^^^^^^^^^^^^^^^^^^^^^^^^^^^^^^^^^^\n  File \"/home/amg/projects/uece/baes/baes_benchmarking_20251028_0713/src/adapters/ghspec_adapter.py\", line 496, in _execute_specify_phase\n    response_text = self._call_openai(system_prompt_with_constitution, user_prompt)\n                    ^^^^^^^^^^^^^^^^^^^^^^^^^^^^^^^^^^^^^^^^^^^^^^^^^^^^^^^^^^^^^^^\n  File \"/home/amg/projects/uece/baes/baes_benchmarking_20251028_0713/src/adapters/ghspec_adapter.py\", line 1285, in _call_openai\n    return self.call_openai_chat_completion(\n           ^^^^^^^^^^^^^^^^^^^^^^^^^^^^^^^^^\n  File \"/home/amg/projects/uece/baes/baes_benchmarking_20251028_0713/src/adapters/base_adapter.py\", line 291, in call_openai_chat_completion\n    raise RuntimeError(f\"OpenAI API call failed: {e}\") from e\nRuntimeError: OpenAI API call failed: ('Connection aborted.', ConnectionResetError(104, 'Connection reset by peer'))\n"}}
{"timestamp": "2025-10-31T11:42:07.616908Z", "level": "INFO", "module": "ghspec_adapter", "message": "Stopping GitHub Spec-kit framework", "run_id": "e661eaeb-a9c6-4183-86a5-67be4bb68d51", "event": "framework_stop"}
{"timestamp": "2025-10-31T11:42:07.616966Z", "level": "INFO", "module": "ghspec_adapter", "message": "GitHub Spec-kit framework stopped", "run_id": "e661eaeb-a9c6-4183-86a5-67be4bb68d51", "event": "framework_stopped"}
{"timestamp": "2025-10-31T11:42:10.834310Z", "level": "WARNING", "module": "validator", "message": "Downtime detected", "run_id": "c9483dba-f2d1-4410-9e14-9e5505d569aa", "event": "downtime", "metadata": {"zdi_count": 1038}}
{"timestamp": "2025-10-31T11:42:12.483258Z", "level": "WARNING", "module": "validator", "message": "Downtime detected", "run_id": "e661eaeb-a9c6-4183-86a5-67be4bb68d51", "event": "downtime", "metadata": {"zdi_count": 131}}
{"timestamp": "2025-10-31T11:42:15.835834Z", "level": "WARNING", "module": "validator", "message": "Downtime detected", "run_id": "c9483dba-f2d1-4410-9e14-9e5505d569aa", "event": "downtime", "metadata": {"zdi_count": 1039}}
{"timestamp": "2025-10-31T11:42:17.484338Z", "level": "WARNING", "module": "validator", "message": "Downtime detected", "run_id": "e661eaeb-a9c6-4183-86a5-67be4bb68d51", "event": "downtime", "metadata": {"zdi_count": 132}}
{"timestamp": "2025-10-31T11:42:20.836836Z", "level": "WARNING", "module": "validator", "message": "Downtime detected", "run_id": "c9483dba-f2d1-4410-9e14-9e5505d569aa", "event": "downtime", "metadata": {"zdi_count": 1040}}
{"timestamp": "2025-10-31T11:42:22.485984Z", "level": "WARNING", "module": "validator", "message": "Downtime detected", "run_id": "e661eaeb-a9c6-4183-86a5-67be4bb68d51", "event": "downtime", "metadata": {"zdi_count": 133}}
{"timestamp": "2025-10-31T11:42:25.838206Z", "level": "WARNING", "module": "validator", "message": "Downtime detected", "run_id": "c9483dba-f2d1-4410-9e14-9e5505d569aa", "event": "downtime", "metadata": {"zdi_count": 1041}}
{"timestamp": "2025-10-31T11:42:27.487519Z", "level": "WARNING", "module": "validator", "message": "Downtime detected", "run_id": "e661eaeb-a9c6-4183-86a5-67be4bb68d51", "event": "downtime", "metadata": {"zdi_count": 134}}
{"timestamp": "2025-10-31T11:42:30.839609Z", "level": "WARNING", "module": "validator", "message": "Downtime detected", "run_id": "c9483dba-f2d1-4410-9e14-9e5505d569aa", "event": "downtime", "metadata": {"zdi_count": 1042}}
{"timestamp": "2025-10-31T11:42:32.488728Z", "level": "WARNING", "module": "validator", "message": "Downtime detected", "run_id": "e661eaeb-a9c6-4183-86a5-67be4bb68d51", "event": "downtime", "metadata": {"zdi_count": 135}}
{"timestamp": "2025-10-31T11:42:35.841191Z", "level": "WARNING", "module": "validator", "message": "Downtime detected", "run_id": "c9483dba-f2d1-4410-9e14-9e5505d569aa", "event": "downtime", "metadata": {"zdi_count": 1043}}
{"timestamp": "2025-10-31T11:42:37.490135Z", "level": "WARNING", "module": "validator", "message": "Downtime detected", "run_id": "e661eaeb-a9c6-4183-86a5-67be4bb68d51", "event": "downtime", "metadata": {"zdi_count": 136}}
{"timestamp": "2025-10-31T11:42:40.842422Z", "level": "WARNING", "module": "validator", "message": "Downtime detected", "run_id": "c9483dba-f2d1-4410-9e14-9e5505d569aa", "event": "downtime", "metadata": {"zdi_count": 1044}}
{"timestamp": "2025-10-31T11:42:42.492148Z", "level": "WARNING", "module": "validator", "message": "Downtime detected", "run_id": "e661eaeb-a9c6-4183-86a5-67be4bb68d51", "event": "downtime", "metadata": {"zdi_count": 137}}
{"timestamp": "2025-10-31T11:42:45.843780Z", "level": "WARNING", "module": "validator", "message": "Downtime detected", "run_id": "c9483dba-f2d1-4410-9e14-9e5505d569aa", "event": "downtime", "metadata": {"zdi_count": 1045}}
{"timestamp": "2025-10-31T11:42:47.493222Z", "level": "WARNING", "module": "validator", "message": "Downtime detected", "run_id": "e661eaeb-a9c6-4183-86a5-67be4bb68d51", "event": "downtime", "metadata": {"zdi_count": 138}}
{"timestamp": "2025-10-31T11:42:50.845577Z", "level": "WARNING", "module": "validator", "message": "Downtime detected", "run_id": "c9483dba-f2d1-4410-9e14-9e5505d569aa", "event": "downtime", "metadata": {"zdi_count": 1046}}
{"timestamp": "2025-10-31T11:42:52.494755Z", "level": "WARNING", "module": "validator", "message": "Downtime detected", "run_id": "e661eaeb-a9c6-4183-86a5-67be4bb68d51", "event": "downtime", "metadata": {"zdi_count": 139}}
{"timestamp": "2025-10-31T11:42:55.846609Z", "level": "WARNING", "module": "validator", "message": "Downtime detected", "run_id": "c9483dba-f2d1-4410-9e14-9e5505d569aa", "event": "downtime", "metadata": {"zdi_count": 1047}}
{"timestamp": "2025-10-31T11:42:57.496555Z", "level": "WARNING", "module": "validator", "message": "Downtime detected", "run_id": "e661eaeb-a9c6-4183-86a5-67be4bb68d51", "event": "downtime", "metadata": {"zdi_count": 140}}
{"timestamp": "2025-10-31T11:43:00.847779Z", "level": "WARNING", "module": "validator", "message": "Downtime detected", "run_id": "c9483dba-f2d1-4410-9e14-9e5505d569aa", "event": "downtime", "metadata": {"zdi_count": 1048}}
{"timestamp": "2025-10-31T11:43:02.497653Z", "level": "WARNING", "module": "validator", "message": "Downtime detected", "run_id": "e661eaeb-a9c6-4183-86a5-67be4bb68d51", "event": "downtime", "metadata": {"zdi_count": 141}}
{"timestamp": "2025-10-31T11:43:05.849077Z", "level": "WARNING", "module": "validator", "message": "Downtime detected", "run_id": "c9483dba-f2d1-4410-9e14-9e5505d569aa", "event": "downtime", "metadata": {"zdi_count": 1049}}
{"timestamp": "2025-10-31T11:43:07.498829Z", "level": "WARNING", "module": "validator", "message": "Downtime detected", "run_id": "e661eaeb-a9c6-4183-86a5-67be4bb68d51", "event": "downtime", "metadata": {"zdi_count": 142}}
{"timestamp": "2025-10-31T11:43:10.850645Z", "level": "WARNING", "module": "validator", "message": "Downtime detected", "run_id": "c9483dba-f2d1-4410-9e14-9e5505d569aa", "event": "downtime", "metadata": {"zdi_count": 1050}}
{"timestamp": "2025-10-31T11:43:12.500388Z", "level": "WARNING", "module": "validator", "message": "Downtime detected", "run_id": "e661eaeb-a9c6-4183-86a5-67be4bb68d51", "event": "downtime", "metadata": {"zdi_count": 143}}
{"timestamp": "2025-10-31T11:43:15.852186Z", "level": "WARNING", "module": "validator", "message": "Downtime detected", "run_id": "c9483dba-f2d1-4410-9e14-9e5505d569aa", "event": "downtime", "metadata": {"zdi_count": 1051}}
{"timestamp": "2025-10-31T11:43:17.501592Z", "level": "WARNING", "module": "validator", "message": "Downtime detected", "run_id": "e661eaeb-a9c6-4183-86a5-67be4bb68d51", "event": "downtime", "metadata": {"zdi_count": 144}}
{"timestamp": "2025-10-31T11:43:20.853274Z", "level": "WARNING", "module": "validator", "message": "Downtime detected", "run_id": "c9483dba-f2d1-4410-9e14-9e5505d569aa", "event": "downtime", "metadata": {"zdi_count": 1052}}
{"timestamp": "2025-10-31T11:43:22.503080Z", "level": "WARNING", "module": "validator", "message": "Downtime detected", "run_id": "e661eaeb-a9c6-4183-86a5-67be4bb68d51", "event": "downtime", "metadata": {"zdi_count": 145}}
{"timestamp": "2025-10-31T11:43:25.854421Z", "level": "WARNING", "module": "validator", "message": "Downtime detected", "run_id": "c9483dba-f2d1-4410-9e14-9e5505d569aa", "event": "downtime", "metadata": {"zdi_count": 1053}}
{"timestamp": "2025-10-31T11:43:27.504599Z", "level": "WARNING", "module": "validator", "message": "Downtime detected", "run_id": "e661eaeb-a9c6-4183-86a5-67be4bb68d51", "event": "downtime", "metadata": {"zdi_count": 146}}
{"timestamp": "2025-10-31T11:43:30.855838Z", "level": "WARNING", "module": "validator", "message": "Downtime detected", "run_id": "c9483dba-f2d1-4410-9e14-9e5505d569aa", "event": "downtime", "metadata": {"zdi_count": 1054}}
{"timestamp": "2025-10-31T11:43:32.505755Z", "level": "WARNING", "module": "validator", "message": "Downtime detected", "run_id": "e661eaeb-a9c6-4183-86a5-67be4bb68d51", "event": "downtime", "metadata": {"zdi_count": 147}}
{"timestamp": "2025-10-31T11:43:35.856950Z", "level": "WARNING", "module": "validator", "message": "Downtime detected", "run_id": "c9483dba-f2d1-4410-9e14-9e5505d569aa", "event": "downtime", "metadata": {"zdi_count": 1055}}
{"timestamp": "2025-10-31T11:43:37.506856Z", "level": "WARNING", "module": "validator", "message": "Downtime detected", "run_id": "e661eaeb-a9c6-4183-86a5-67be4bb68d51", "event": "downtime", "metadata": {"zdi_count": 148}}
{"timestamp": "2025-10-31T11:43:40.858165Z", "level": "WARNING", "module": "validator", "message": "Downtime detected", "run_id": "c9483dba-f2d1-4410-9e14-9e5505d569aa", "event": "downtime", "metadata": {"zdi_count": 1056}}
{"timestamp": "2025-10-31T11:43:42.508540Z", "level": "WARNING", "module": "validator", "message": "Downtime detected", "run_id": "e661eaeb-a9c6-4183-86a5-67be4bb68d51", "event": "downtime", "metadata": {"zdi_count": 149}}
{"timestamp": "2025-10-31T11:43:45.859532Z", "level": "WARNING", "module": "validator", "message": "Downtime detected", "run_id": "c9483dba-f2d1-4410-9e14-9e5505d569aa", "event": "downtime", "metadata": {"zdi_count": 1057}}
{"timestamp": "2025-10-31T11:43:47.509889Z", "level": "WARNING", "module": "validator", "message": "Downtime detected", "run_id": "e661eaeb-a9c6-4183-86a5-67be4bb68d51", "event": "downtime", "metadata": {"zdi_count": 150}}
{"timestamp": "2025-10-31T11:43:50.861106Z", "level": "WARNING", "module": "validator", "message": "Downtime detected", "run_id": "c9483dba-f2d1-4410-9e14-9e5505d569aa", "event": "downtime", "metadata": {"zdi_count": 1058}}
{"timestamp": "2025-10-31T11:43:52.511059Z", "level": "WARNING", "module": "validator", "message": "Downtime detected", "run_id": "e661eaeb-a9c6-4183-86a5-67be4bb68d51", "event": "downtime", "metadata": {"zdi_count": 151}}
{"timestamp": "2025-10-31T11:43:55.862996Z", "level": "WARNING", "module": "validator", "message": "Downtime detected", "run_id": "c9483dba-f2d1-4410-9e14-9e5505d569aa", "event": "downtime", "metadata": {"zdi_count": 1059}}
{"timestamp": "2025-10-31T11:43:57.513033Z", "level": "WARNING", "module": "validator", "message": "Downtime detected", "run_id": "e661eaeb-a9c6-4183-86a5-67be4bb68d51", "event": "downtime", "metadata": {"zdi_count": 152}}
{"timestamp": "2025-10-31T11:44:00.864814Z", "level": "WARNING", "module": "validator", "message": "Downtime detected", "run_id": "c9483dba-f2d1-4410-9e14-9e5505d569aa", "event": "downtime", "metadata": {"zdi_count": 1060}}
{"timestamp": "2025-10-31T11:44:02.514866Z", "level": "WARNING", "module": "validator", "message": "Downtime detected", "run_id": "e661eaeb-a9c6-4183-86a5-67be4bb68d51", "event": "downtime", "metadata": {"zdi_count": 153}}
{"timestamp": "2025-10-31T11:44:05.866693Z", "level": "WARNING", "module": "validator", "message": "Downtime detected", "run_id": "c9483dba-f2d1-4410-9e14-9e5505d569aa", "event": "downtime", "metadata": {"zdi_count": 1061}}
{"timestamp": "2025-10-31T11:44:07.516136Z", "level": "WARNING", "module": "validator", "message": "Downtime detected", "run_id": "e661eaeb-a9c6-4183-86a5-67be4bb68d51", "event": "downtime", "metadata": {"zdi_count": 154}}
{"timestamp": "2025-10-31T11:44:10.868151Z", "level": "WARNING", "module": "validator", "message": "Downtime detected", "run_id": "c9483dba-f2d1-4410-9e14-9e5505d569aa", "event": "downtime", "metadata": {"zdi_count": 1062}}
{"timestamp": "2025-10-31T11:44:12.518220Z", "level": "WARNING", "module": "validator", "message": "Downtime detected", "run_id": "e661eaeb-a9c6-4183-86a5-67be4bb68d51", "event": "downtime", "metadata": {"zdi_count": 155}}
{"timestamp": "2025-10-31T11:44:15.869283Z", "level": "WARNING", "module": "validator", "message": "Downtime detected", "run_id": "c9483dba-f2d1-4410-9e14-9e5505d569aa", "event": "downtime", "metadata": {"zdi_count": 1063}}
{"timestamp": "2025-10-31T11:44:17.519711Z", "level": "WARNING", "module": "validator", "message": "Downtime detected", "run_id": "e661eaeb-a9c6-4183-86a5-67be4bb68d51", "event": "downtime", "metadata": {"zdi_count": 156}}
{"timestamp": "2025-10-31T11:44:20.871022Z", "level": "WARNING", "module": "validator", "message": "Downtime detected", "run_id": "c9483dba-f2d1-4410-9e14-9e5505d569aa", "event": "downtime", "metadata": {"zdi_count": 1064}}
{"timestamp": "2025-10-31T11:44:22.521026Z", "level": "WARNING", "module": "validator", "message": "Downtime detected", "run_id": "e661eaeb-a9c6-4183-86a5-67be4bb68d51", "event": "downtime", "metadata": {"zdi_count": 157}}
{"timestamp": "2025-10-31T11:44:25.872422Z", "level": "WARNING", "module": "validator", "message": "Downtime detected", "run_id": "c9483dba-f2d1-4410-9e14-9e5505d569aa", "event": "downtime", "metadata": {"zdi_count": 1065}}
{"timestamp": "2025-10-31T11:44:27.522804Z", "level": "WARNING", "module": "validator", "message": "Downtime detected", "run_id": "e661eaeb-a9c6-4183-86a5-67be4bb68d51", "event": "downtime", "metadata": {"zdi_count": 158}}
{"timestamp": "2025-10-31T11:44:30.873683Z", "level": "WARNING", "module": "validator", "message": "Downtime detected", "run_id": "c9483dba-f2d1-4410-9e14-9e5505d569aa", "event": "downtime", "metadata": {"zdi_count": 1066}}
{"timestamp": "2025-10-31T11:44:32.523800Z", "level": "WARNING", "module": "validator", "message": "Downtime detected", "run_id": "e661eaeb-a9c6-4183-86a5-67be4bb68d51", "event": "downtime", "metadata": {"zdi_count": 159}}
{"timestamp": "2025-10-31T11:44:35.875080Z", "level": "WARNING", "module": "validator", "message": "Downtime detected", "run_id": "c9483dba-f2d1-4410-9e14-9e5505d569aa", "event": "downtime", "metadata": {"zdi_count": 1067}}
{"timestamp": "2025-10-31T11:44:37.525108Z", "level": "WARNING", "module": "validator", "message": "Downtime detected", "run_id": "e661eaeb-a9c6-4183-86a5-67be4bb68d51", "event": "downtime", "metadata": {"zdi_count": 160}}
{"timestamp": "2025-10-31T11:44:40.876860Z", "level": "WARNING", "module": "validator", "message": "Downtime detected", "run_id": "c9483dba-f2d1-4410-9e14-9e5505d569aa", "event": "downtime", "metadata": {"zdi_count": 1068}}
{"timestamp": "2025-10-31T11:44:42.528545Z", "level": "WARNING", "module": "validator", "message": "Downtime detected", "run_id": "e661eaeb-a9c6-4183-86a5-67be4bb68d51", "event": "downtime", "metadata": {"zdi_count": 161}}
{"timestamp": "2025-10-31T11:44:45.878207Z", "level": "WARNING", "module": "validator", "message": "Downtime detected", "run_id": "c9483dba-f2d1-4410-9e14-9e5505d569aa", "event": "downtime", "metadata": {"zdi_count": 1069}}
{"timestamp": "2025-10-31T11:44:47.530379Z", "level": "WARNING", "module": "validator", "message": "Downtime detected", "run_id": "e661eaeb-a9c6-4183-86a5-67be4bb68d51", "event": "downtime", "metadata": {"zdi_count": 162}}
{"timestamp": "2025-10-31T11:44:50.879723Z", "level": "WARNING", "module": "validator", "message": "Downtime detected", "run_id": "c9483dba-f2d1-4410-9e14-9e5505d569aa", "event": "downtime", "metadata": {"zdi_count": 1070}}
{"timestamp": "2025-10-31T11:44:52.531607Z", "level": "WARNING", "module": "validator", "message": "Downtime detected", "run_id": "e661eaeb-a9c6-4183-86a5-67be4bb68d51", "event": "downtime", "metadata": {"zdi_count": 163}}
{"timestamp": "2025-10-31T11:44:55.881520Z", "level": "WARNING", "module": "validator", "message": "Downtime detected", "run_id": "c9483dba-f2d1-4410-9e14-9e5505d569aa", "event": "downtime", "metadata": {"zdi_count": 1071}}
{"timestamp": "2025-10-31T11:44:57.533160Z", "level": "WARNING", "module": "validator", "message": "Downtime detected", "run_id": "e661eaeb-a9c6-4183-86a5-67be4bb68d51", "event": "downtime", "metadata": {"zdi_count": 164}}
{"timestamp": "2025-10-31T11:45:00.882887Z", "level": "WARNING", "module": "validator", "message": "Downtime detected", "run_id": "c9483dba-f2d1-4410-9e14-9e5505d569aa", "event": "downtime", "metadata": {"zdi_count": 1072}}
{"timestamp": "2025-10-31T11:45:02.534286Z", "level": "WARNING", "module": "validator", "message": "Downtime detected", "run_id": "e661eaeb-a9c6-4183-86a5-67be4bb68d51", "event": "downtime", "metadata": {"zdi_count": 165}}
{"timestamp": "2025-10-31T11:45:05.884455Z", "level": "WARNING", "module": "validator", "message": "Downtime detected", "run_id": "c9483dba-f2d1-4410-9e14-9e5505d569aa", "event": "downtime", "metadata": {"zdi_count": 1073}}
{"timestamp": "2025-10-31T11:45:07.536247Z", "level": "WARNING", "module": "validator", "message": "Downtime detected", "run_id": "e661eaeb-a9c6-4183-86a5-67be4bb68d51", "event": "downtime", "metadata": {"zdi_count": 166}}
{"timestamp": "2025-10-31T11:45:07.618486Z", "level": "INFO", "module": "main", "message": "Running ghspec - run 91/100 | Run ID: 01b1d975-2ed7-4319-8762-f5ca0db8957c"}
{"timestamp": "2025-10-31T11:45:07.623559Z", "level": "INFO", "module": "config_loader", "message": "Found 6 prompt files", "metadata": {"count": 6}}
{"timestamp": "2025-10-31T11:45:07.623622Z", "level": "INFO", "module": "config_loader", "message": "Configuration loaded and validated from config.yaml"}
{"timestamp": "2025-10-31T11:45:07.623696Z", "level": "INFO", "module": "config_loader", "message": "Set NumPy random seed", "metadata": {"seed": 42}}
{"timestamp": "2025-10-31T11:45:07.623742Z", "level": "INFO", "module": "config_loader", "message": "Deterministic seeds set", "metadata": {"seed": 42}}
{"timestamp": "2025-10-31T11:45:07.628377Z", "level": "INFO", "module": "isolation", "message": "Created isolated run directory: /home/amg/projects/uece/baes/baes_benchmarking_20251028_0713/runs/ghspec/01b1d975-2ed7-4319-8762-f5ca0db8957c", "run_id": "01b1d975-2ed7-4319-8762-f5ca0db8957c", "framework": "ghspec"}
{"timestamp": "2025-10-31T11:45:07.628453Z", "level": "INFO", "module": "runner", "message": "Starting framework run", "run_id": "01b1d975-2ed7-4319-8762-f5ca0db8957c", "framework": "ghspec", "event": "run_start"}
{"timestamp": "2025-10-31T11:45:07.628537Z", "level": "INFO", "module": "ghspec_adapter", "message": "Starting GitHub Spec-kit framework", "run_id": "01b1d975-2ed7-4319-8762-f5ca0db8957c", "event": "framework_start"}
{"timestamp": "2025-10-31T11:45:07.628663Z", "level": "INFO", "module": "ghspec_adapter", "message": "Using shared GitHub Spec-kit framework", "run_id": "01b1d975-2ed7-4319-8762-f5ca0db8957c", "metadata": {"framework_dir": "/home/amg/projects/uece/baes/baes_benchmarking_20251028_0713/frameworks/ghspec"}}
{"timestamp": "2025-10-31T11:45:07.628875Z", "level": "INFO", "module": "ghspec_adapter", "message": "Workspace structure created", "run_id": "01b1d975-2ed7-4319-8762-f5ca0db8957c", "metadata": {"specs_dir": "/home/amg/projects/uece/baes/baes_benchmarking_20251028_0713/runs/ghspec/01b1d975-2ed7-4319-8762-f5ca0db8957c/specs", "feature_dir": "/home/amg/projects/uece/baes/baes_benchmarking_20251028_0713/runs/ghspec/01b1d975-2ed7-4319-8762-f5ca0db8957c/specs/001-baes-experiment", "src_dir": "/home/amg/projects/uece/baes/baes_benchmarking_20251028_0713/runs/ghspec/01b1d975-2ed7-4319-8762-f5ca0db8957c/specs/001-baes-experiment/src"}}
{"timestamp": "2025-10-31T11:45:07.629023Z", "level": "INFO", "module": "ghspec_adapter", "message": "Loaded default constitution", "run_id": "01b1d975-2ed7-4319-8762-f5ca0db8957c", "metadata": {"source": "default", "size_bytes": 8781}}
{"timestamp": "2025-10-31T11:45:07.629079Z", "level": "INFO", "module": "ghspec_adapter", "message": "No tech stack constraints - AI has free choice", "run_id": "01b1d975-2ed7-4319-8762-f5ca0db8957c", "metadata": {"configured": false, "mode": "free_choice", "sprint_num": 1}}
{"timestamp": "2025-10-31T11:45:07.629124Z", "level": "INFO", "module": "ghspec_adapter", "message": "Template configuration validated", "run_id": "01b1d975-2ed7-4319-8762-f5ca0db8957c", "metadata": {"template_source": "static"}}
{"timestamp": "2025-10-31T11:45:07.629212Z", "level": "INFO", "module": "ghspec_adapter", "message": "Constitution loaded and prepared for prompt injection", "run_id": "01b1d975-2ed7-4319-8762-f5ca0db8957c", "metadata": {"source": "default", "size_bytes": 8781, "size_kb": 8.58, "excerpt_size_bytes": 8781, "was_chunked": false, "line_count": 241}}
{"timestamp": "2025-10-31T11:45:07.629331Z", "level": "DEBUG", "module": "base_adapter", "message": "API key validation successful", "run_id": "01b1d975-2ed7-4319-8762-f5ca0db8957c", "metadata": {"framework": "GHSPEC", "key_var": "OPENAI_API_KEY_GHSPEC", "key_id_var": "OPENAI_API_KEY_GHSPEC_ID", "key_id": "key_3QRCYbJRFQ0G4ycm"}}
{"timestamp": "2025-10-31T11:45:07.629383Z", "level": "INFO", "module": "ghspec_adapter", "message": "GHSpec API key validated", "run_id": "01b1d975-2ed7-4319-8762-f5ca0db8957c"}
{"timestamp": "2025-10-31T11:45:07.629426Z", "level": "INFO", "module": "ghspec_adapter", "message": "GitHub Spec-kit framework ready", "run_id": "01b1d975-2ed7-4319-8762-f5ca0db8957c", "metadata": {"framework_dir": "/home/amg/projects/uece/baes/baes_benchmarking_20251028_0713/frameworks/ghspec", "specs_dir": "/home/amg/projects/uece/baes/baes_benchmarking_20251028_0713/runs/ghspec/01b1d975-2ed7-4319-8762-f5ca0db8957c/specs", "feature_dir": "/home/amg/projects/uece/baes/baes_benchmarking_20251028_0713/runs/ghspec/01b1d975-2ed7-4319-8762-f5ca0db8957c/specs/001-baes-experiment"}}
{"timestamp": "2025-10-31T11:45:07.629725Z", "level": "INFO", "module": "validator", "message": "Downtime monitoring started", "run_id": "01b1d975-2ed7-4319-8762-f5ca0db8957c", "event": "monitoring_start"}
{"timestamp": "2025-10-31T11:45:07.629945Z", "level": "INFO", "module": "runner", "message": "Loaded 6 enabled steps from configuration", "run_id": "01b1d975-2ed7-4319-8762-f5ca0db8957c", "event": "steps_loaded"}
{"timestamp": "2025-10-31T11:45:07.630666Z", "level": "WARNING", "module": "validator", "message": "Downtime detected", "run_id": "01b1d975-2ed7-4319-8762-f5ca0db8957c", "event": "downtime", "metadata": {"zdi_count": 1}}
